<?xml version="1.0" encoding="UTF-8"?>
<coverage generated="1691756555">
  <project timestamp="1691756555">
    <file name="/Users/joej/Kodus2/repo-info/src/Factory/GitInformationFactory.php">
      <class name="CodeHqDk\RepositoryInformation\Factory\GitInformationFactory" namespace="global">
        <metrics complexity="7" methods="5" coveredmethods="5" conditionals="0" coveredconditionals="0" statements="22" coveredstatements="22" elements="27" coveredelements="27"/>
      </class>
      <line num="17" type="method" name="__construct" visibility="public" complexity="2" crap="2" count="8"/>
      <line num="20" type="stmt" count="8"/>
      <line num="21" type="stmt" count="5"/>
      <line num="25" type="method" name="createBlocks" visibility="public" complexity="2" crap="2" count="5"/>
      <line num="30" type="stmt" count="5"/>
      <line num="31" type="stmt" count="1"/>
      <line num="34" type="stmt" count="5"/>
      <line num="36" type="stmt" count="5"/>
      <line num="37" type="stmt" count="5"/>
      <line num="38" type="stmt" count="5"/>
      <line num="39" type="stmt" count="5"/>
      <line num="40" type="stmt" count="5"/>
      <line num="41" type="stmt" count="5"/>
      <line num="42" type="stmt" count="5"/>
      <line num="43" type="stmt" count="5"/>
      <line num="44" type="stmt" count="5"/>
      <line num="45" type="stmt" count="5"/>
      <line num="48" type="method" name="getRepositoryRequirements" visibility="public" complexity="1" crap="1" count="5"/>
      <line num="50" type="stmt" count="5"/>
      <line num="53" type="method" name="listAvailableInformationBlocks" visibility="public" complexity="1" crap="1" count="5"/>
      <line num="55" type="stmt" count="5"/>
      <line num="56" type="stmt" count="5"/>
      <line num="57" type="stmt" count="5"/>
      <line num="60" type="method" name="getGitNameFromFolder" visibility="private" complexity="1" crap="1" count="5"/>
      <line num="62" type="stmt" count="5"/>
      <line num="64" type="stmt" count="5"/>
      <line num="66" type="stmt" count="5"/>
      <metrics loc="69" ncloc="69" classes="1" methods="5" coveredmethods="5" conditionals="0" coveredconditionals="0" statements="22" coveredstatements="22" elements="27" coveredelements="27"/>
    </file>
    <file name="/Users/joej/Kodus2/repo-info/src/Factory/RepositoryInformationFactory.php">
      <class name="CodeHqDk\RepositoryInformation\Factory\RepositoryInformationFactory" namespace="global">
        <metrics complexity="19" methods="10" coveredmethods="8" conditionals="0" coveredconditionals="0" statements="48" coveredstatements="46" elements="58" coveredelements="54"/>
      </class>
      <line num="27" type="method" name="__construct" visibility="public" complexity="1" crap="1" count="4"/>
      <line num="32" type="stmt" count="4"/>
      <line num="34" type="method" name="create" visibility="public" complexity="1" crap="1" count="4"/>
      <line num="36" type="stmt" count="4"/>
      <line num="38" type="stmt" count="4"/>
      <line num="41" type="method" name="getLocalCodePath" visibility="public" complexity="1" crap="1" count="4"/>
      <line num="43" type="stmt" count="4"/>
      <line num="46" type="method" name="populateInformationBlocks" visibility="private" complexity="1" crap="1" count="4"/>
      <line num="48" type="stmt" count="4"/>
      <line num="50" type="stmt" count="4"/>
      <line num="53" type="method" name="addInformationBlocksFromFactories" visibility="private" complexity="4" crap="4" count="4"/>
      <line num="54" type="stmt" count="4"/>
      <line num="56" type="stmt" count="4"/>
      <line num="57" type="stmt" count="4"/>
      <line num="59" type="stmt" count="4"/>
      <line num="60" type="stmt" count="4"/>
      <line num="62" type="stmt" count="4"/>
      <line num="64" type="stmt" count="4"/>
      <line num="67" type="stmt" count="4"/>
      <line num="68" type="stmt" count="4"/>
      <line num="69" type="stmt" count="1"/>
      <line num="70" type="stmt" count="1"/>
      <line num="73" type="stmt" count="4"/>
      <line num="75" type="stmt" count="1"/>
      <line num="79" type="stmt" count="4"/>
      <line num="82" type="method" name="createErrorBlock" visibility="private" complexity="1" crap="1" count="1"/>
      <line num="84" type="stmt" count="1"/>
      <line num="85" type="stmt" count="1"/>
      <line num="86" type="stmt" count="1"/>
      <line num="87" type="stmt" count="1"/>
      <line num="88" type="stmt" count="1"/>
      <line num="89" type="stmt" count="1"/>
      <line num="90" type="stmt" count="1"/>
      <line num="91" type="stmt" count="1"/>
      <line num="94" type="method" name="createRequirementsNotMetBlock" visibility="private" complexity="1" crap="1" count="1"/>
      <line num="96" type="stmt" count="1"/>
      <line num="97" type="stmt" count="1"/>
      <line num="98" type="stmt" count="1"/>
      <line num="99" type="stmt" count="1"/>
      <line num="100" type="stmt" count="1"/>
      <line num="101" type="stmt" count="1"/>
      <line num="102" type="stmt" count="1"/>
      <line num="103" type="stmt" count="1"/>
      <line num="109" type="method" name="throwExceptionIfFilterIsNotRespected" visibility="private" complexity="3" crap="3.33" count="4"/>
      <line num="111" type="stmt" count="4"/>
      <line num="112" type="stmt" count="4"/>
      <line num="113" type="stmt" count="0"/>
      <line num="118" type="method" name="listInformationBlockTypesToCreate" visibility="private" complexity="1" crap="1" count="4"/>
      <line num="120" type="stmt" count="4"/>
      <line num="121" type="stmt" count="4"/>
      <line num="123" type="stmt" count="4"/>
      <line num="126" type="method" name="doCharacteristicsMatchRequirements" visibility="private" complexity="5" crap="5.12" count="4"/>
      <line num="129" type="stmt" count="4"/>
      <line num="130" type="stmt" count="0"/>
      <line num="133" type="stmt" count="4"/>
      <line num="134" type="stmt" count="4"/>
      <line num="135" type="stmt" count="1"/>
      <line num="139" type="stmt" count="4"/>
      <metrics loc="142" ncloc="128" classes="1" methods="10" coveredmethods="8" conditionals="0" coveredconditionals="0" statements="48" coveredstatements="46" elements="58" coveredelements="54"/>
    </file>
    <file name="/Users/joej/Kodus2/repo-info/src/InformationBlocks/ErrorBlock.php">
      <class name="CodeHqDk\RepositoryInformation\InformationBlocks\ErrorBlock" namespace="global">
        <metrics complexity="1" methods="1" coveredmethods="1" conditionals="0" coveredconditionals="0" statements="8" coveredstatements="8" elements="9" coveredelements="9"/>
      </class>
      <line num="9" type="method" name="fromArray" visibility="public" complexity="1" crap="1" count="1"/>
      <line num="10" type="stmt" count="1"/>
      <line num="11" type="stmt" count="1"/>
      <line num="12" type="stmt" count="1"/>
      <line num="13" type="stmt" count="1"/>
      <line num="14" type="stmt" count="1"/>
      <line num="15" type="stmt" count="1"/>
      <line num="16" type="stmt" count="1"/>
      <line num="17" type="stmt" count="1"/>
      <metrics loc="20" ncloc="20" classes="1" methods="1" coveredmethods="1" conditionals="0" coveredconditionals="0" statements="8" coveredstatements="8" elements="9" coveredelements="9"/>
    </file>
    <file name="/Users/joej/Kodus2/repo-info/src/InformationBlocks/GitNameInformationBlock.php">
      <class name="CodeHqDk\RepositoryInformation\InformationBlocks\GitNameInformationBlock" namespace="global">
        <metrics complexity="1" methods="1" coveredmethods="1" conditionals="0" coveredconditionals="0" statements="8" coveredstatements="8" elements="9" coveredelements="9"/>
      </class>
      <line num="9" type="method" name="fromArray" visibility="public" complexity="1" crap="1" count="5"/>
      <line num="10" type="stmt" count="5"/>
      <line num="11" type="stmt" count="5"/>
      <line num="12" type="stmt" count="5"/>
      <line num="13" type="stmt" count="5"/>
      <line num="14" type="stmt" count="5"/>
      <line num="15" type="stmt" count="5"/>
      <line num="16" type="stmt" count="5"/>
      <line num="17" type="stmt" count="5"/>
      <metrics loc="20" ncloc="20" classes="1" methods="1" coveredmethods="1" conditionals="0" coveredconditionals="0" statements="8" coveredstatements="8" elements="9" coveredelements="9"/>
    </file>
    <file name="/Users/joej/Kodus2/repo-info/src/InformationBlocks/RequirementsNotMetBlock.php">
      <class name="CodeHqDk\RepositoryInformation\InformationBlocks\RequirementsNotMetBlock" namespace="global">
        <metrics complexity="1" methods="1" coveredmethods="1" conditionals="0" coveredconditionals="0" statements="8" coveredstatements="8" elements="9" coveredelements="9"/>
      </class>
      <line num="9" type="method" name="fromArray" visibility="public" complexity="1" crap="1" count="1"/>
      <line num="10" type="stmt" count="1"/>
      <line num="11" type="stmt" count="1"/>
      <line num="12" type="stmt" count="1"/>
      <line num="13" type="stmt" count="1"/>
      <line num="14" type="stmt" count="1"/>
      <line num="15" type="stmt" count="1"/>
      <line num="16" type="stmt" count="1"/>
      <line num="17" type="stmt" count="1"/>
      <metrics loc="20" ncloc="20" classes="1" methods="1" coveredmethods="1" conditionals="0" coveredconditionals="0" statements="8" coveredstatements="8" elements="9" coveredelements="9"/>
    </file>
    <file name="/Users/joej/Kodus2/repo-info/src/Model/GitRepository.php">
      <class name="CodeHqDk\RepositoryInformation\Model\GitRepository" namespace="global">
        <metrics complexity="9" methods="7" coveredmethods="7" conditionals="0" coveredconditionals="0" statements="23" coveredstatements="23" elements="30" coveredelements="30"/>
      </class>
      <line num="28" type="method" name="__construct" visibility="public" complexity="1" crap="1" count="15"/>
      <line num="33" type="stmt" count="15"/>
      <line num="39" type="method" name="downloadCodeToLocalPath" visibility="public" complexity="3" crap="3" count="7"/>
      <line num="41" type="stmt" count="7"/>
      <line num="42" type="stmt" count="1"/>
      <line num="45" type="stmt" count="6"/>
      <line num="48" type="stmt" count="6"/>
      <line num="49" type="stmt" count="6"/>
      <line num="50" type="stmt" count="1"/>
      <line num="51" type="stmt" count="1"/>
      <line num="55" type="method" name="getUuId" visibility="public" complexity="1" crap="1" count="2"/>
      <line num="57" type="stmt" count="2"/>
      <line num="60" type="method" name="getName" visibility="public" complexity="1" crap="1" count="6"/>
      <line num="62" type="stmt" count="6"/>
      <line num="63" type="stmt" count="6"/>
      <line num="66" type="method" name="getRepositoryCharacteristics" visibility="public" complexity="1" crap="1" count="6"/>
      <line num="68" type="stmt" count="6"/>
      <line num="71" type="method" name="toArray" visibility="public" complexity="1" crap="1" count="5"/>
      <line num="73" type="stmt" count="5"/>
      <line num="74" type="stmt" count="5"/>
      <line num="75" type="stmt" count="5"/>
      <line num="76" type="stmt" count="5"/>
      <line num="77" type="stmt" count="5"/>
      <line num="78" type="stmt" count="5"/>
      <line num="81" type="method" name="fromArray" visibility="public" complexity="1" crap="1" count="5"/>
      <line num="83" type="stmt" count="5"/>
      <line num="84" type="stmt" count="5"/>
      <line num="85" type="stmt" count="5"/>
      <line num="86" type="stmt" count="5"/>
      <line num="87" type="stmt" count="5"/>
      <metrics loc="90" ncloc="76" classes="1" methods="7" coveredmethods="7" conditionals="0" coveredconditionals="0" statements="23" coveredstatements="23" elements="30" coveredelements="30"/>
    </file>
    <file name="/Users/joej/Kodus2/repo-info/src/Model/RepositoryInformation.php">
      <class name="CodeHqDk\RepositoryInformation\Model\RepositoryInformation" namespace="global">
        <metrics complexity="10" methods="7" coveredmethods="7" conditionals="0" coveredconditionals="0" statements="22" coveredstatements="22" elements="29" coveredelements="29"/>
      </class>
      <line num="21" type="method" name="__construct" visibility="public" complexity="1" crap="1" count="7"/>
      <line num="24" type="stmt" count="7"/>
      <line num="26" type="method" name="getRepository" visibility="public" complexity="1" crap="1" count="1"/>
      <line num="28" type="stmt" count="1"/>
      <line num="34" type="method" name="listInformationBlocks" visibility="public" complexity="1" crap="1" count="4"/>
      <line num="36" type="stmt" count="4"/>
      <line num="42" type="method" name="fromArray" visibility="public" complexity="2" crap="2" count="5"/>
      <line num="44" type="stmt" count="5"/>
      <line num="45" type="stmt" count="1"/>
      <line num="47" type="stmt" count="4"/>
      <line num="48" type="stmt" count="4"/>
      <line num="50" type="stmt" count="4"/>
      <line num="53" type="method" name="toArray" visibility="public" complexity="1" crap="1" count="4"/>
      <line num="55" type="stmt" count="4"/>
      <line num="56" type="stmt" count="4"/>
      <line num="57" type="stmt" count="4"/>
      <line num="58" type="stmt" count="4"/>
      <line num="59" type="stmt" count="4"/>
      <line num="62" type="method" name="informationBlocksToArray" visibility="private" complexity="2" crap="2" count="4"/>
      <line num="64" type="stmt" count="4"/>
      <line num="66" type="stmt" count="4"/>
      <line num="68" type="stmt" count="4"/>
      <line num="71" type="stmt" count="4"/>
      <line num="79" type="method" name="informationBlockFromArray" visibility="private" complexity="2" crap="2" count="4"/>
      <line num="81" type="stmt" count="4"/>
      <line num="82" type="stmt" count="4"/>
      <line num="83" type="stmt" count="4"/>
      <line num="84" type="stmt" count="4"/>
      <line num="87" type="stmt" count="4"/>
      <metrics loc="90" ncloc="70" classes="1" methods="7" coveredmethods="7" conditionals="0" coveredconditionals="0" statements="22" coveredstatements="22" elements="29" coveredelements="29"/>
    </file>
    <file name="/Users/joej/Kodus2/repo-info/src/Provider/GitInformationFactoryProvider.php">
      <class name="CodeHqDk\RepositoryInformation\Provider\GitInformationFactoryProvider" namespace="global">
        <metrics complexity="1" methods="1" coveredmethods="1" conditionals="0" coveredconditionals="0" statements="2" coveredstatements="2" elements="3" coveredelements="3"/>
      </class>
      <line num="16" type="method" name="addFactory" visibility="public" complexity="1" crap="1" count="3"/>
      <line num="18" type="stmt" count="3"/>
      <line num="19" type="stmt" count="3"/>
      <metrics loc="22" ncloc="17" classes="1" methods="1" coveredmethods="1" conditionals="0" coveredconditionals="0" statements="2" coveredstatements="2" elements="3" coveredelements="3"/>
    </file>
    <file name="/Users/joej/Kodus2/repo-info/src/Registry/InformationFactoryRegistry.php">
      <class name="CodeHqDk\RepositoryInformation\Registry\InformationFactoryRegistry" namespace="global">
        <metrics complexity="3" methods="3" coveredmethods="3" conditionals="0" coveredconditionals="0" statements="3" coveredstatements="3" elements="6" coveredelements="6"/>
      </class>
      <line num="19" type="method" name="setFactories" visibility="public" complexity="1" crap="1" count="1"/>
      <line num="21" type="stmt" count="1"/>
      <line num="24" type="method" name="addFactory" visibility="public" complexity="1" crap="1" count="5"/>
      <line num="26" type="stmt" count="5"/>
      <line num="32" type="method" name="listFactories" visibility="public" complexity="1" crap="1" count="5"/>
      <line num="34" type="stmt" count="5"/>
      <metrics loc="37" ncloc="26" classes="1" methods="3" coveredmethods="3" conditionals="0" coveredconditionals="0" statements="3" coveredstatements="3" elements="6" coveredelements="6"/>
    </file>
    <file name="/Users/joej/Kodus2/repo-info/src/RepositoryInformationProvider.php">
      <class name="CodeHqDk\RepositoryInformation\RepositoryInformationProvider" namespace="global">
        <metrics complexity="9" methods="9" coveredmethods="8" conditionals="0" coveredconditionals="0" statements="21" coveredstatements="20" elements="30" coveredelements="28"/>
      </class>
      <line num="23" type="method" name="__construct" visibility="public" complexity="1" crap="1" count="3"/>
      <line num="28" type="stmt" count="3"/>
      <line num="31" type="method" name="addInformationFactoryProvider" visibility="public" complexity="1" crap="1" count="3"/>
      <line num="33" type="stmt" count="3"/>
      <line num="36" type="method" name="registerClassInDependencyContainer" visibility="public" complexity="1" crap="1" count="3"/>
      <line num="38" type="stmt" count="3"/>
      <line num="41" type="method" name="registerObjectInDependencyContainer" visibility="public" complexity="1" crap="2" count="0"/>
      <line num="43" type="stmt" count="0"/>
      <line num="46" type="method" name="addInformationFactoryToRegistry" visibility="public" complexity="1" crap="1" count="3"/>
      <line num="48" type="stmt" count="3"/>
      <line num="51" type="method" name="registerDependencies" visibility="public" complexity="1" crap="1" count="3"/>
      <line num="53" type="stmt" count="3"/>
      <line num="54" type="stmt" count="3"/>
      <line num="55" type="stmt" count="3"/>
      <line num="58" type="method" name="registerServices" visibility="private" complexity="1" crap="1" count="3"/>
      <line num="60" type="stmt" count="3"/>
      <line num="62" type="stmt" count="3"/>
      <line num="63" type="stmt" count="3"/>
      <line num="64" type="stmt" count="3"/>
      <line num="65" type="stmt" count="3"/>
      <line num="66" type="stmt" count="3"/>
      <line num="67" type="stmt" count="3"/>
      <line num="71" type="method" name="registerFactories" visibility="private" complexity="1" crap="1" count="3"/>
      <line num="73" type="stmt" count="3"/>
      <line num="74" type="stmt" count="3"/>
      <line num="75" type="stmt" count="3"/>
      <line num="76" type="stmt" count="3"/>
      <line num="77" type="stmt" count="3"/>
      <line num="80" type="method" name="registerRegistries" visibility="private" complexity="1" crap="1" count="3"/>
      <line num="82" type="stmt" count="3"/>
      <metrics loc="85" ncloc="81" classes="1" methods="9" coveredmethods="8" conditionals="0" coveredconditionals="0" statements="21" coveredstatements="20" elements="30" coveredelements="28"/>
    </file>
    <file name="/Users/joej/Kodus2/repo-info/src/Services/InformationBlockService.php">
      <class name="CodeHqDk\RepositoryInformation\Services\InformationBlockService" namespace="global">
        <metrics complexity="3" methods="2" coveredmethods="2" conditionals="0" coveredconditionals="0" statements="5" coveredstatements="5" elements="7" coveredelements="7"/>
      </class>
      <line num="12" type="method" name="__construct" visibility="public" complexity="1" crap="1" count="4"/>
      <line num="14" type="stmt" count="4"/>
      <line num="19" type="method" name="listAvailable" visibility="public" complexity="2" crap="2" count="4"/>
      <line num="21" type="stmt" count="4"/>
      <line num="23" type="stmt" count="4"/>
      <line num="24" type="stmt" count="4"/>
      <line num="27" type="stmt" count="4"/>
      <metrics loc="30" ncloc="24" classes="1" methods="2" coveredmethods="2" conditionals="0" coveredconditionals="0" statements="5" coveredstatements="5" elements="7" coveredelements="7"/>
    </file>
    <file name="/Users/joej/Kodus2/repo-info/src/Services/RepositoryInformationService.php">
      <class name="CodeHqDk\RepositoryInformation\Services\RepositoryInformationService" namespace="global">
        <metrics complexity="21" methods="11" coveredmethods="7" conditionals="0" coveredconditionals="0" statements="42" coveredstatements="37" elements="53" coveredelements="44"/>
      </class>
      <line num="24" type="method" name="__construct" visibility="public" complexity="1" crap="1" count="3"/>
      <line num="29" type="stmt" count="3"/>
      <line num="31" type="method" name="rebuildCompleteCache" visibility="public" complexity="2" crap="6" count="0"/>
      <line num="33" type="stmt" count="0"/>
      <line num="35" type="stmt" count="0"/>
      <line num="42" type="method" name="list" visibility="public" complexity="2" crap="2.15" count="3"/>
      <line num="44" type="stmt" count="3"/>
      <line num="45" type="stmt" count="0"/>
      <line num="48" type="stmt" count="3"/>
      <line num="54" type="method" name="getRepositoryInformationList" visibility="private" complexity="3" crap="3" count="3"/>
      <line num="56" type="stmt" count="3"/>
      <line num="58" type="stmt" count="3"/>
      <line num="63" type="stmt" count="3"/>
      <line num="65" type="stmt" count="3"/>
      <line num="66" type="stmt" count="3"/>
      <line num="69" type="stmt" count="3"/>
      <line num="72" type="stmt" count="3"/>
      <line num="75" type="method" name="downloadCodeToLocalPathIfNeeded" visibility="private" complexity="2" crap="2" count="3"/>
      <line num="77" type="stmt" count="3"/>
      <line num="79" type="stmt" count="3"/>
      <line num="80" type="stmt" count="1"/>
      <line num="83" type="stmt" count="3"/>
      <line num="86" type="method" name="doCachedDataExists" visibility="private" complexity="1" crap="1" count="3"/>
      <line num="88" type="stmt" count="3"/>
      <line num="90" type="stmt" count="3"/>
      <line num="93" type="method" name="getRepositoryInformationFromCache" visibility="private" complexity="1" crap="1" count="3"/>
      <line num="95" type="stmt" count="3"/>
      <line num="96" type="stmt" count="3"/>
      <line num="97" type="stmt" count="3"/>
      <line num="98" type="stmt" count="3"/>
      <line num="101" type="method" name="getRepositoryInformationCacheFilename" visibility="private" complexity="2" crap="2" count="3"/>
      <line num="103" type="stmt" count="3"/>
      <line num="104" type="stmt" count="3"/>
      <line num="106" type="stmt" count="1"/>
      <line num="107" type="stmt" count="1"/>
      <line num="111" type="method" name="getCacheHash" visibility="private" complexity="2" crap="2" count="1"/>
      <line num="113" type="stmt" count="1"/>
      <line num="115" type="stmt" count="1"/>
      <line num="116" type="stmt" count="1"/>
      <line num="119" type="stmt" count="1"/>
      <line num="122" type="method" name="getCacheFolder" visibility="private" complexity="3" crap="3.07" count="3"/>
      <line num="124" type="stmt" count="3"/>
      <line num="126" type="stmt" count="3"/>
      <line num="127" type="stmt" count="3"/>
      <line num="129" type="stmt" count="0"/>
      <line num="133" type="stmt" count="3"/>
      <line num="139" type="method" name="buildRepositoryInformationCache" visibility="private" complexity="2" crap="2.02" count="3"/>
      <line num="141" type="stmt" count="3"/>
      <line num="143" type="stmt" count="3"/>
      <line num="145" type="stmt" count="3"/>
      <line num="147" type="stmt" count="3"/>
      <line num="149" type="stmt" count="3"/>
      <line num="150" type="stmt" count="0"/>
      <metrics loc="154" ncloc="132" classes="1" methods="11" coveredmethods="7" conditionals="0" coveredconditionals="0" statements="42" coveredstatements="37" elements="53" coveredelements="44"/>
    </file>
    <file name="/Users/joej/Kodus2/repo-info/src/Services/SimpleInformationBlockFilterService.php">
      <class name="CodeHqDk\RepositoryInformation\Services\SimpleInformationBlockFilterService" namespace="global">
        <metrics complexity="3" methods="2" coveredmethods="2" conditionals="0" coveredconditionals="0" statements="4" coveredstatements="4" elements="6" coveredelements="6"/>
      </class>
      <line num="28" type="method" name="__construct" visibility="public" complexity="1" crap="1" count="4"/>
      <line num="32" type="stmt" count="4"/>
      <line num="34" type="method" name="getEnabledBlocks" visibility="public" complexity="2" crap="2" count="4"/>
      <line num="36" type="stmt" count="4"/>
      <line num="37" type="stmt" count="1"/>
      <line num="39" type="stmt" count="4"/>
      <metrics loc="43" ncloc="24" classes="1" methods="2" coveredmethods="2" conditionals="0" coveredconditionals="0" statements="4" coveredstatements="4" elements="6" coveredelements="6"/>
    </file>
    <metrics files="13" loc="822" ncloc="707" classes="13" methods="60" coveredmethods="53" conditionals="0" coveredconditionals="0" statements="216" coveredstatements="208" elements="276" coveredelements="261"/>
  </project>
</coverage>
